{
  "0 debug pnpm:scope": {
    "selected": 1
  },
  "1 debug pnpm:package-manifest": {
    "initial": {
      "name": "26react-study",
      "version": "1.0.0",
      "description": "",
      "main": "index.js",
      "scripts": {
        "test": "echo \"Error: no test specified\" && exit 1",
        "dev": "webpack-dev-server --open --port 3002 --hot",
        "build": "webpack --mode production --config webpack.pub.config.js"
      },
      "keywords": [],
      "author": "",
      "license": "ISC",
      "dependencies": {
        "@babel/polyfill": "^7.12.1",
        "core-js": "^3.9.1",
        "path-to-regexp": "^6.2.0",
        "react": "^16.4.1",
        "react-dom": "^16.4.1",
        "react-loadable": "^5.5.0",
        "react-router-dom": "^5.2.0",
        "styled-components": "^4.4.1",
        "webpack": "^4.46.0",
        "webpack-cli": "^4.5.0"
      },
      "devDependencies": {
        "@babel/cli": "^7.13.10",
        "@babel/core": "^7.13.10",
        "@babel/plugin-transform-runtime": "^7.13.10",
        "@babel/preset-env": "^7.13.10",
        "@babel/preset-react": "^7.12.13",
        "autoprefixer": "^8.6.5",
        "babel-loader": "^8.2.2",
        "clean-webpack-plugin": "^3.0.0",
        "css-loader": "^5.1.3",
        "cssnano": "^4.1.10",
        "file-loader": "^6.2.0",
        "html-webpack-plugin": "^4.5.2",
        "less": "^3.13.1",
        "less-loader": "^7.3.0",
        "mini-css-extract-plugin": "^0.12.0",
        "node-sass": "^5.0.0",
        "optimize-css-assets-webpack-plugin": "^5.0.4",
        "postcss-loader": "^3.0.0",
        "resolve-url-loader": "^3.1.2",
        "sass-loader": "^11.0.1",
        "style-loader": "^2.0.0",
        "uglifyjs-webpack-plugin": "^2.2.0",
        "url-loader": "^4.1.1",
        "webpack-dev-server": "3"
      }
    },
    "prefix": "D:\\Web-project\\26react-study"
  },
  "2 debug pnpm:context": {
    "currentLockfileExists": false,
    "storeDir": "D:\\.pnpm-store\\v3",
    "virtualStoreDir": "D:\\Web-project\\26react-study\\node_modules\\.pnpm"
  },
  "3 debug pnpm:stage": {
    "prefix": "D:\\Web-project\\26react-study",
    "stage": "resolution_started"
  },
  "4 debug pnpm:_dependency_resolved": {
    "resolution": "r.cnpmjs.org/@babel/cli/7.13.10",
    "wanted": {
      "dependentId": ".",
      "name": "@babel/cli",
      "rawSpec": "^7.13.10"
    }
  },
  "5 debug pnpm:_dependency_resolved": {
    "resolution": "r.cnpmjs.org/@babel/core/7.13.10",
    "wanted": {
      "dependentId": ".",
      "name": "@babel/core",
      "rawSpec": "^7.13.10"
    }
  },
  "6 debug pnpm:_dependency_resolved": {
    "resolution": "r.cnpmjs.org/@babel/plugin-transform-runtime/7.13.10",
    "wanted": {
      "dependentId": ".",
      "name": "@babel/plugin-transform-runtime",
      "rawSpec": "^7.13.10"
    }
  },
  "7 debug pnpm:_dependency_resolved": {
    "resolution": "r.cnpmjs.org/@babel/preset-env/7.13.10",
    "wanted": {
      "dependentId": ".",
      "name": "@babel/preset-env",
      "rawSpec": "^7.13.10"
    }
  },
  "8 debug pnpm:_dependency_resolved": {
    "resolution": "r.cnpmjs.org/@babel/preset-react/7.12.13",
    "wanted": {
      "dependentId": ".",
      "name": "@babel/preset-react",
      "rawSpec": "^7.12.13"
    }
  },
  "9 debug pnpm:_dependency_resolved": {
    "resolution": "r.cnpmjs.org/babel-loader/8.2.2",
    "wanted": {
      "dependentId": ".",
      "name": "babel-loader",
      "rawSpec": "^8.2.2"
    }
  },
  "10 debug pnpm:_dependency_resolved": {
    "resolution": "r.cnpmjs.org/clean-webpack-plugin/3.0.0",
    "wanted": {
      "dependentId": ".",
      "name": "clean-webpack-plugin",
      "rawSpec": "^3.0.0"
    }
  },
  "11 debug pnpm:_dependency_resolved": {
    "resolution": "r.cnpmjs.org/html-webpack-plugin/4.5.2",
    "wanted": {
      "dependentId": ".",
      "name": "html-webpack-plugin",
      "rawSpec": "^4.5.2"
    }
  },
  "12 debug pnpm:_dependency_resolved": {
    "resolution": "r.cnpmjs.org/webpack-dev-server/3.11.2",
    "wanted": {
      "dependentId": ".",
      "name": "webpack-dev-server",
      "rawSpec": "3"
    }
  },
  "13 debug pnpm:_dependency_resolved": {
    "resolution": "r.cnpmjs.org/@babel/polyfill/7.12.1",
    "wanted": {
      "dependentId": ".",
      "name": "@babel/polyfill",
      "rawSpec": "^7.12.1"
    }
  },
  "14 error pnpm": {
    "errno": -4048,
    "code": "EPERM",
    "syscall": "stat",
    "path": "D:\\.pnpm-store\\v3\\files\\de\\21e47ffddf7af65a4ac32d79c74dc767d13504732d4cb96e69ebe4a4f3ba3d8424a1eb44590d55143329e61f6aec7ea196ba546c8f86b219141b3ff17e4aa7",
    "err": {
      "name": "Error",
      "message": "EPERM: operation not permitted, stat 'D:\\.pnpm-store\\v3\\files\\de\\21e47ffddf7af65a4ac32d79c74dc767d13504732d4cb96e69ebe4a4f3ba3d8424a1eb44590d55143329e61f6aec7ea196ba546c8f86b219141b3ff17e4aa7'",
      "code": "EPERM",
      "stack": "Error: EPERM: operation not permitted, stat 'D:\\.pnpm-store\\v3\\files\\de\\21e47ffddf7af65a4ac32d79c74dc767d13504732d4cb96e69ebe4a4f3ba3d8424a1eb44590d55143329e61f6aec7ea196ba546c8f86b219141b3ff17e4aa7'"
    }
  }
}